2025-09-01 14:01:55 | INFO     | govnomet.database | ✅ База данных инициализирована успешно
2025-09-01 14:01:55 | INFO     | govnomet.game   | 🎮 Игровая логика ГовноМёт инициализирована
2025-09-01 14:01:55 | INFO     | govnomet        | 🚀 ГовноМёт запускается...
2025-09-01 14:01:55 | INFO     | govnomet        | 📁 Директория логов: /Users/yanagosteva/Desktop/Bot/govnomet/logs
2025-09-01 14:01:55 | INFO     | govnomet        | 📏 Максимальный размер лога: 2 МБ
2025-09-01 14:01:55 | INFO     | govnomet        | 🔄 Количество файлов бэкапа: 5
2025-09-01 14:01:55 | INFO     | govnomet        | ⏰ Время запуска: 2025-09-01 14:01:55
2025-09-01 14:01:55 | INFO     | govnomet        | 👋 ГовноМёт завершает работу
2025-09-01 14:01:55 | INFO     | govnomet        | ⏰ Время завершения: 2025-09-01 14:01:55
2025-09-01 14:05:12 | INFO     | govnomet.database | ✅ База данных инициализирована успешно
2025-09-01 14:05:12 | INFO     | govnomet.game   | 🎮 Игровая логика ГовноМёт инициализирована
2025-09-01 14:05:12 | INFO     | govnomet        | 🚀 ГовноМёт запускается...
2025-09-01 14:05:12 | INFO     | govnomet        | 📁 Директория логов: /Users/yanagosteva/Desktop/Bot/govnomet/logs
2025-09-01 14:05:12 | INFO     | govnomet        | 📏 Максимальный размер лога: 2 МБ
2025-09-01 14:05:12 | INFO     | govnomet        | 🔄 Количество файлов бэкапа: 5
2025-09-01 14:05:12 | INFO     | govnomet        | ⏰ Время запуска: 2025-09-01 14:05:12
2025-09-01 14:05:12 | INFO     | govnomet        | 👋 ГовноМёт завершает работу
2025-09-01 14:05:12 | INFO     | govnomet        | ⏰ Время завершения: 2025-09-01 14:05:12
2025-09-01 14:05:12 | ERROR    | govnomet        | ❌ Критическая ошибка запуска: 'GovnometLogger' object has no attribute 'error'
2025-09-01 14:05:39 | INFO     | govnomet.database | ✅ База данных инициализирована успешно
2025-09-01 14:05:39 | INFO     | govnomet.game   | 🎮 Игровая логика ГовноМёт инициализирована
2025-09-01 14:05:39 | INFO     | govnomet        | 🚀 ГовноМёт запускается...
2025-09-01 14:05:39 | INFO     | govnomet        | 📁 Директория логов: /Users/yanagosteva/Desktop/Bot/govnomet/logs
2025-09-01 14:05:39 | INFO     | govnomet        | 📏 Максимальный размер лога: 2 МБ
2025-09-01 14:05:39 | INFO     | govnomet        | 🔄 Количество файлов бэкапа: 5
2025-09-01 14:05:39 | INFO     | govnomet        | ⏰ Время запуска: 2025-09-01 14:05:39
2025-09-01 14:05:39 | INFO     | govnomet        | 🤖 Бот ГовноМёт запущен и готов к работе!
2025-09-01 14:07:27 | INFO     | govnomet        | 🚀 Команда /start от пользователя YanaGos (ID: 113296569) в чате 113296569
2025-09-01 14:07:27 | INFO     | govnomet        | ✅ Приветственное сообщение отправлено пользователю YanaGos
2025-09-01 14:07:32 | INFO     | govnomet        | 💩 Кнопка броска нажата пользователем YanaGos (ID: 113296569) в чате 113296569
2025-09-01 14:07:32 | INFO     | govnomet.database | 👤 Пользователь 113296569 (@YanaGos) добавлен/обновлен в БД
2025-09-01 14:07:32 | INFO     | govnomet        | 👥 Созданы тестовые участники для чата 113296569: 3
2025-09-01 14:07:32 | INFO     | govnomet.game   | 💩 Обработка броска: YanaGos (ID: 113296569) в чате 113296569
2025-09-01 14:07:32 | INFO     | govnomet.game   | ✅ Бросок обработан: direct_hit -> 1 целей
2025-09-01 14:07:32 | INFO     | govnomet.database | 💩 Событие добавлено: 113296569 -> 555666777 (direct_hit) в чате 113296569
2025-09-01 14:07:32 | INFO     | govnomet        | ✅ Бросок завершен: YanaGos -> direct_hit -> 1 целей
2025-09-01 14:07:47 | INFO     | govnomet        | 👋 ГовноМёт завершает работу
2025-09-01 14:07:47 | INFO     | govnomet        | ⏰ Время завершения: 2025-09-01 14:07:47
2025-09-01 14:08:25 | INFO     | govnomet.database | ✅ База данных инициализирована успешно
2025-09-01 14:08:25 | INFO     | govnomet.game   | 🎮 Игровая логика ГовноМёт инициализирована
2025-09-01 14:08:25 | INFO     | govnomet        | 🚀 ГовноМёт запускается...
2025-09-01 14:08:25 | INFO     | govnomet        | 📁 Директория логов: /Users/yanagosteva/Desktop/Bot/govnomet/logs
2025-09-01 14:08:25 | INFO     | govnomet        | 📏 Максимальный размер лога: 2 МБ
2025-09-01 14:08:25 | INFO     | govnomet        | 🔄 Количество файлов бэкапа: 5
2025-09-01 14:08:25 | INFO     | govnomet        | ⏰ Время запуска: 2025-09-01 14:08:25
2025-09-01 14:08:25 | INFO     | govnomet        | 🤖 Бот ГовноМёт запущен и готов к работе!
2025-09-01 14:08:25 | INFO     | govnomet        | 💩 Кнопка броска нажата пользователем YanaGos (ID: 113296569) в чате 113296569
2025-09-01 14:08:25 | INFO     | govnomet.database | 👤 Пользователь 113296569 (@YanaGos) добавлен/обновлен в БД
2025-09-01 14:08:25 | INFO     | govnomet.game   | 💩 Обработка броска: YanaGos (ID: 113296569) в чате 113296569
2025-09-01 14:08:25 | INFO     | govnomet.game   | 🎯 Инициатор 113296569 - единственный участник, становится целью
2025-09-01 14:08:25 | INFO     | govnomet.game   | ✅ Бросок обработан: direct_hit -> 1 целей
2025-09-01 14:08:25 | INFO     | govnomet.database | 💩 Событие добавлено: 113296569 -> 113296569 (direct_hit) в чате 113296569
2025-09-01 14:08:25 | ERROR    | govnomet        | ❌ Ошибка обработки броска: Telegram server says - Bad Request: query is too old and response timeout expired or query ID is invalid
2025-09-01 14:09:04 | INFO     | govnomet        | 💩 Кнопка броска нажата пользователем YanaGos (ID: 113296569) в чате 113296569
2025-09-01 14:09:04 | INFO     | govnomet.database | 👤 Пользователь 113296569 (@YanaGos) добавлен/обновлен в БД
2025-09-01 14:09:04 | INFO     | govnomet.game   | 💩 Обработка броска: YanaGos (ID: 113296569) в чате 113296569
2025-09-01 14:09:04 | INFO     | govnomet.game   | 🎯 Инициатор 113296569 - единственный участник, становится целью
2025-09-01 14:09:04 | INFO     | govnomet.game   | ✅ Бросок обработан: splash -> 1 целей
2025-09-01 14:09:04 | INFO     | govnomet.database | 💩 Событие добавлено: 113296569 -> 113296569 (splash) в чате 113296569
2025-09-01 14:09:04 | INFO     | govnomet        | ✅ Бросок завершен: YanaGos -> splash -> 1 целей
2025-09-01 14:09:14 | INFO     | govnomet        | 💩 Кнопка броска нажата пользователем YanaGos (ID: 113296569) в чате 113296569
2025-09-01 14:09:14 | INFO     | govnomet.database | 👤 Пользователь 113296569 (@YanaGos) добавлен/обновлен в БД
2025-09-01 14:09:14 | INFO     | govnomet.game   | 💩 Обработка броска: YanaGos (ID: 113296569) в чате 113296569
2025-09-01 14:09:14 | INFO     | govnomet.game   | 🎯 Инициатор 113296569 - единственный участник, становится целью
2025-09-01 14:09:14 | INFO     | govnomet.game   | ✅ Бросок обработан: splash -> 1 целей
2025-09-01 14:09:14 | INFO     | govnomet.database | 💩 Событие добавлено: 113296569 -> 113296569 (splash) в чате 113296569
2025-09-01 14:09:14 | INFO     | govnomet        | ✅ Бросок завершен: YanaGos -> splash -> 1 целей
2025-09-01 14:09:17 | INFO     | govnomet        | 💩 Кнопка броска нажата пользователем YanaGos (ID: 113296569) в чате 113296569
2025-09-01 14:09:17 | INFO     | govnomet.database | 👤 Пользователь 113296569 (@YanaGos) добавлен/обновлен в БД
2025-09-01 14:09:17 | INFO     | govnomet.game   | 💩 Обработка броска: YanaGos (ID: 113296569) в чате 113296569
2025-09-01 14:09:17 | INFO     | govnomet.game   | 🎯 Инициатор 113296569 - единственный участник, становится целью
2025-09-01 14:09:17 | INFO     | govnomet.game   | ✅ Бросок обработан: splash -> 1 целей
2025-09-01 14:09:17 | INFO     | govnomet.database | 💩 Событие добавлено: 113296569 -> 113296569 (splash) в чате 113296569
2025-09-01 14:09:17 | INFO     | govnomet        | ✅ Бросок завершен: YanaGos -> splash -> 1 целей
2025-09-01 14:09:20 | INFO     | govnomet        | 💩 Кнопка броска нажата пользователем YanaGos (ID: 113296569) в чате 113296569
2025-09-01 14:09:20 | INFO     | govnomet.database | 👤 Пользователь 113296569 (@YanaGos) добавлен/обновлен в БД
2025-09-01 14:09:20 | INFO     | govnomet.game   | 💩 Обработка броска: YanaGos (ID: 113296569) в чате 113296569
2025-09-01 14:09:20 | INFO     | govnomet.game   | 🎯 Инициатор 113296569 - единственный участник, становится целью
2025-09-01 14:09:20 | INFO     | govnomet.game   | ✅ Бросок обработан: miss -> 1 целей
2025-09-01 14:09:20 | INFO     | govnomet.database | 💩 Событие добавлено: 113296569 -> 113296569 (miss) в чате 113296569
2025-09-01 14:09:20 | INFO     | govnomet        | ✅ Бросок завершен: YanaGos -> miss -> 1 целей
2025-09-01 14:09:23 | INFO     | govnomet        | 💩 Кнопка броска нажата пользователем YanaGos (ID: 113296569) в чате 113296569
2025-09-01 14:09:23 | INFO     | govnomet.database | 👤 Пользователь 113296569 (@YanaGos) добавлен/обновлен в БД
2025-09-01 14:09:23 | INFO     | govnomet.game   | 💩 Обработка броска: YanaGos (ID: 113296569) в чате 113296569
2025-09-01 14:09:23 | INFO     | govnomet.game   | 🎯 Инициатор 113296569 - единственный участник, становится целью
2025-09-01 14:09:23 | INFO     | govnomet.game   | ✅ Бросок обработан: direct_hit -> 1 целей
2025-09-01 14:09:23 | INFO     | govnomet.database | 💩 Событие добавлено: 113296569 -> 113296569 (direct_hit) в чате 113296569
2025-09-01 14:09:23 | INFO     | govnomet        | ✅ Бросок завершен: YanaGos -> direct_hit -> 1 целей
2025-09-01 14:09:25 | INFO     | govnomet        | 💩 Кнопка броска нажата пользователем YanaGos (ID: 113296569) в чате 113296569
2025-09-01 14:09:25 | INFO     | govnomet.database | 👤 Пользователь 113296569 (@YanaGos) добавлен/обновлен в БД
2025-09-01 14:09:25 | INFO     | govnomet.game   | 💩 Обработка броска: YanaGos (ID: 113296569) в чате 113296569
2025-09-01 14:09:25 | INFO     | govnomet.game   | 🎯 Инициатор 113296569 - единственный участник, становится целью
2025-09-01 14:09:25 | INFO     | govnomet.game   | ✅ Бросок обработан: direct_hit -> 1 целей
2025-09-01 14:09:25 | INFO     | govnomet.database | 💩 Событие добавлено: 113296569 -> 113296569 (direct_hit) в чате 113296569
2025-09-01 14:09:26 | INFO     | govnomet        | ✅ Бросок завершен: YanaGos -> direct_hit -> 1 целей
2025-09-01 14:09:27 | INFO     | govnomet        | 💩 Кнопка броска нажата пользователем YanaGos (ID: 113296569) в чате 113296569
2025-09-01 14:09:27 | INFO     | govnomet.database | 👤 Пользователь 113296569 (@YanaGos) добавлен/обновлен в БД
2025-09-01 14:09:27 | INFO     | govnomet.game   | 💩 Обработка броска: YanaGos (ID: 113296569) в чате 113296569
2025-09-01 14:09:27 | INFO     | govnomet.game   | 🎯 Инициатор 113296569 - единственный участник, становится целью
2025-09-01 14:09:27 | INFO     | govnomet.game   | ✅ Бросок обработан: miss -> 1 целей
2025-09-01 14:09:27 | INFO     | govnomet.database | 💩 Событие добавлено: 113296569 -> 113296569 (miss) в чате 113296569
2025-09-01 14:09:27 | INFO     | govnomet        | ✅ Бросок завершен: YanaGos -> miss -> 1 целей
2025-09-01 14:09:29 | INFO     | govnomet        | 💩 Кнопка броска нажата пользователем YanaGos (ID: 113296569) в чате 113296569
2025-09-01 14:09:29 | INFO     | govnomet.database | 👤 Пользователь 113296569 (@YanaGos) добавлен/обновлен в БД
2025-09-01 14:09:29 | INFO     | govnomet.game   | 💩 Обработка броска: YanaGos (ID: 113296569) в чате 113296569
2025-09-01 14:09:29 | INFO     | govnomet.game   | 🎯 Инициатор 113296569 - единственный участник, становится целью
2025-09-01 14:09:29 | INFO     | govnomet.game   | ✅ Бросок обработан: special -> 1 целей
2025-09-01 14:09:29 | INFO     | govnomet.database | 💩 Событие добавлено: 113296569 -> 113296569 (special) в чате 113296569
2025-09-01 14:09:29 | INFO     | govnomet        | ✅ Бросок завершен: YanaGos -> special -> 1 целей
2025-09-01 14:09:31 | INFO     | govnomet        | 💩 Кнопка броска нажата пользователем YanaGos (ID: 113296569) в чате 113296569
2025-09-01 14:09:31 | INFO     | govnomet.database | 👤 Пользователь 113296569 (@YanaGos) добавлен/обновлен в БД
2025-09-01 14:09:31 | INFO     | govnomet.game   | 💩 Обработка броска: YanaGos (ID: 113296569) в чате 113296569
2025-09-01 14:09:31 | INFO     | govnomet.game   | 🎯 Инициатор 113296569 - единственный участник, становится целью
2025-09-01 14:09:31 | INFO     | govnomet.game   | ✅ Бросок обработан: miss -> 1 целей
2025-09-01 14:09:31 | INFO     | govnomet.database | 💩 Событие добавлено: 113296569 -> 113296569 (miss) в чате 113296569
2025-09-01 14:09:32 | INFO     | govnomet        | ✅ Бросок завершен: YanaGos -> miss -> 1 целей
2025-09-01 14:09:33 | INFO     | govnomet        | 💩 Кнопка броска нажата пользователем YanaGos (ID: 113296569) в чате 113296569
2025-09-01 14:09:33 | INFO     | govnomet.database | 👤 Пользователь 113296569 (@YanaGos) добавлен/обновлен в БД
2025-09-01 14:09:33 | INFO     | govnomet.game   | 💩 Обработка броска: YanaGos (ID: 113296569) в чате 113296569
2025-09-01 14:09:33 | INFO     | govnomet.game   | 🎯 Инициатор 113296569 - единственный участник, становится целью
2025-09-01 14:09:33 | INFO     | govnomet.game   | ✅ Бросок обработан: direct_hit -> 1 целей
2025-09-01 14:09:33 | INFO     | govnomet.database | 💩 Событие добавлено: 113296569 -> 113296569 (direct_hit) в чате 113296569
2025-09-01 14:09:34 | INFO     | govnomet        | ✅ Бросок завершен: YanaGos -> direct_hit -> 1 целей
2025-09-01 14:09:35 | INFO     | govnomet        | 💩 Кнопка броска нажата пользователем YanaGos (ID: 113296569) в чате 113296569
2025-09-01 14:09:35 | INFO     | govnomet.database | 👤 Пользователь 113296569 (@YanaGos) добавлен/обновлен в БД
2025-09-01 14:09:35 | INFO     | govnomet.game   | 💩 Обработка броска: YanaGos (ID: 113296569) в чате 113296569
2025-09-01 14:09:35 | INFO     | govnomet.game   | 🎯 Инициатор 113296569 - единственный участник, становится целью
2025-09-01 14:09:35 | INFO     | govnomet.game   | ✅ Бросок обработан: direct_hit -> 1 целей
2025-09-01 14:09:35 | INFO     | govnomet.database | 💩 Событие добавлено: 113296569 -> 113296569 (direct_hit) в чате 113296569
2025-09-01 14:09:35 | INFO     | govnomet        | ✅ Бросок завершен: YanaGos -> direct_hit -> 1 целей
2025-09-01 14:09:56 | INFO     | govnomet        | 👋 ГовноМёт завершает работу
2025-09-01 14:09:56 | INFO     | govnomet        | ⏰ Время завершения: 2025-09-01 14:09:56
2025-09-01 14:13:25 | INFO     | govnomet.database | ✅ База данных инициализирована успешно
2025-09-01 14:13:25 | INFO     | govnomet.game   | 🎮 Игровая логика ГовноМёт инициализирована
2025-09-01 14:13:25 | INFO     | govnomet        | 🚀 ГовноМёт запускается...
2025-09-01 14:13:25 | INFO     | govnomet        | 📁 Директория логов: /Users/yanagosteva/Desktop/Bot/govnomet/logs
2025-09-01 14:13:25 | INFO     | govnomet        | 📏 Максимальный размер лога: 2 МБ
2025-09-01 14:13:25 | INFO     | govnomet        | 🔄 Количество файлов бэкапа: 5
2025-09-01 14:13:25 | INFO     | govnomet        | ⏰ Время запуска: 2025-09-01 14:13:25
2025-09-01 14:13:25 | INFO     | govnomet        | 🤖 Бот ГовноМёт запущен и готов к работе!
2025-09-01 14:18:54 | INFO     | govnomet        | 👋 ГовноМёт завершает работу
2025-09-01 14:18:54 | INFO     | govnomet        | ⏰ Время завершения: 2025-09-01 14:18:54
2025-09-01 14:46:43 | INFO     | govnomet.database | ✅ База данных инициализирована успешно
2025-09-01 14:46:43 | INFO     | govnomet.game   | 🎮 Игровая логика ГовноМёт инициализирована
2025-09-01 14:46:43 | INFO     | govnomet        | 🚀 ГовноМёт запускается...
2025-09-01 14:46:43 | INFO     | govnomet        | 📁 Директория логов: /Users/yanagosteva/Desktop/Bot/govnomet/logs
2025-09-01 14:46:43 | INFO     | govnomet        | 📏 Максимальный размер лога: 2 МБ
2025-09-01 14:46:43 | INFO     | govnomet        | 🔄 Количество файлов бэкапа: 5
2025-09-01 14:46:43 | INFO     | govnomet        | ⏰ Время запуска: 2025-09-01 14:46:43
2025-09-01 14:46:43 | INFO     | govnomet        | 🤖 Бот ГовноМёт запущен и готов к работе!
2025-09-01 14:51:41 | ERROR    | govnomet        | ❌ Ошибка обработки броска: can't subtract offset-naive and offset-aware datetimes
2025-09-01 14:51:44 | ERROR    | govnomet        | ❌ Ошибка обработки броска: can't subtract offset-naive and offset-aware datetimes
2025-09-01 14:51:59 | INFO     | govnomet        | 🚀 Команда /start от пользователя YanaGos (ID: 113296569) в чате 113296569
2025-09-01 14:52:00 | INFO     | govnomet        | ✅ Приветственное сообщение отправлено пользователю YanaGos
2025-09-01 14:52:01 | ERROR    | govnomet        | ❌ Ошибка обработки броска: can't subtract offset-naive and offset-aware datetimes
2025-09-01 14:52:12 | INFO     | govnomet        | 👋 ГовноМёт завершает работу
2025-09-01 14:52:12 | INFO     | govnomet        | ⏰ Время завершения: 2025-09-01 14:52:12
2025-09-01 15:04:39 | INFO     | govnomet.database | ✅ База данных инициализирована успешно
2025-09-01 15:04:39 | INFO     | govnomet.game   | 🎮 Игровая логика ГовноМёт инициализирована
2025-09-01 15:04:39 | INFO     | govnomet        | 🚀 ГовноМёт запускается...
2025-09-01 15:04:39 | INFO     | govnomet        | 📁 Директория логов: /Users/yanagosteva/Desktop/Bot/govnomet/logs
2025-09-01 15:04:39 | INFO     | govnomet        | 📏 Максимальный размер лога: 2 МБ
2025-09-01 15:04:39 | INFO     | govnomet        | 🔄 Количество файлов бэкапа: 5
2025-09-01 15:04:39 | INFO     | govnomet        | ⏰ Время запуска: 2025-09-01 15:04:39
2025-09-01 15:04:39 | INFO     | govnomet        | 🤖 Бот ГовноМёт запущен и готов к работе!
2025-09-01 15:06:09 | INFO     | govnomet        | 🚀 Команда /start от пользователя YanaGos (ID: 113296569) в чате -1002387143721
2025-09-01 15:06:09 | INFO     | govnomet        | ✅ Приветственное сообщение отправлено пользователю YanaGos
2025-09-01 15:06:11 | ERROR    | govnomet        | ❌ Ошибка обработки броска: can't subtract offset-naive and offset-aware datetimes
2025-09-01 15:12:47 | ERROR    | govnomet        | ❌ Ошибка обработки броска: can't subtract offset-naive and offset-aware datetimes
2025-09-01 15:18:52 | INFO     | govnomet        | 👋 ГовноМёт завершает работу
2025-09-01 15:18:52 | INFO     | govnomet        | ⏰ Время завершения: 2025-09-01 15:18:52
2025-09-01 15:33:03 | INFO     | govnomet.database | ✅ База данных инициализирована успешно
2025-09-01 15:33:03 | INFO     | govnomet.game   | 🎮 Игровая логика ГовноМёт инициализирована
2025-09-01 15:33:03 | INFO     | govnomet        | 🚀 ГовноМёт запускается...
2025-09-01 15:33:03 | INFO     | govnomet        | 📁 Директория логов: /Users/yanagosteva/Desktop/Bot/govnomet/logs
2025-09-01 15:33:03 | INFO     | govnomet        | 📏 Максимальный размер лога: 2 МБ
2025-09-01 15:33:03 | INFO     | govnomet        | 🔄 Количество файлов бэкапа: 5
2025-09-01 15:33:03 | INFO     | govnomet        | ⏰ Время запуска: 2025-09-01 15:33:03
2025-09-01 15:33:03 | INFO     | govnomet        | 🤖 Бот ГовноМёт запущен и готов к работе! (попытка 1/5)
2025-09-01 15:33:26 | WARNING  | govnomet        | ⚠️ Получен устаревший callback от YanaGos
2025-09-01 15:33:43 | INFO     | govnomet        | 🚀 Команда /start от пользователя YanaGos (ID: 113296569) в чате -1002387143721
2025-09-01 15:33:43 | INFO     | govnomet        | ✅ Приветственное сообщение отправлено пользователю YanaGos
2025-09-01 15:33:44 | WARNING  | govnomet        | ⚠️ Получен устаревший callback от YanaGos
2025-09-01 15:35:02 | INFO     | govnomet        | 👋 ГовноМёт завершает работу
2025-09-01 15:35:02 | INFO     | govnomet        | ⏰ Время завершения: 2025-09-01 15:35:02
2025-09-01 15:35:47 | INFO     | govnomet.database | ✅ База данных инициализирована успешно
2025-09-01 15:35:47 | INFO     | govnomet.game   | 🎮 Игровая логика ГовноМёт инициализирована
2025-09-01 15:35:47 | INFO     | govnomet        | 🚀 ГовноМёт запускается...
2025-09-01 15:35:47 | INFO     | govnomet        | 📁 Директория логов: /Users/yanagosteva/Desktop/Bot/govnomet/logs
2025-09-01 15:35:47 | INFO     | govnomet        | 📏 Максимальный размер лога: 2 МБ
2025-09-01 15:35:47 | INFO     | govnomet        | 🔄 Количество файлов бэкапа: 5
2025-09-01 15:35:47 | INFO     | govnomet        | ⏰ Время запуска: 2025-09-01 15:35:47
2025-09-01 15:35:47 | INFO     | govnomet        | 🤖 Бот ГовноМёт запущен и готов к работе! (попытка 1/5)
2025-09-01 15:35:57 | INFO     | govnomet        | 💩 Кнопка броска нажата пользователем YanaGos (ID: 113296569) в чате -1002387143721
2025-09-01 15:35:57 | INFO     | govnomet.database | 👤 Пользователь 113296569 (@YanaGos) добавлен/обновлен в БД
2025-09-01 15:35:57 | INFO     | govnomet        | 👥 Созданы тестовые участники для чата -1002387143721: 3
2025-09-01 15:35:57 | INFO     | govnomet.game   | 💩 Обработка броска: YanaGos (ID: 113296569) в чате -1002387143721
2025-09-01 15:35:57 | INFO     | govnomet.game   | ✅ Бросок обработан: special -> 1 целей
2025-09-01 15:35:57 | INFO     | govnomet.database | 💩 Событие добавлено: 113296569 -> 987654321 (special) в чате -1002387143721
2025-09-01 15:35:57 | INFO     | govnomet        | ✅ Бросок завершен: YanaGos -> special -> 1 целей
2025-09-01 15:36:01 | INFO     | govnomet        | 💩 Кнопка броска нажата пользователем YanaGos (ID: 113296569) в чате -1002387143721
2025-09-01 15:36:01 | INFO     | govnomet.database | 👤 Пользователь 113296569 (@YanaGos) добавлен/обновлен в БД
2025-09-01 15:36:01 | INFO     | govnomet.game   | 💩 Обработка броска: YanaGos (ID: 113296569) в чате -1002387143721
2025-09-01 15:36:01 | INFO     | govnomet.game   | ✅ Бросок обработан: splash -> 3 целей
2025-09-01 15:36:01 | INFO     | govnomet.database | 💩 Событие добавлено: 113296569 -> 123456789 (splash) в чате -1002387143721
2025-09-01 15:36:01 | INFO     | govnomet.database | 💩 Событие добавлено: 113296569 -> 555666777 (splash) в чате -1002387143721
2025-09-01 15:36:01 | INFO     | govnomet.database | 💩 Событие добавлено: 113296569 -> 987654321 (splash) в чате -1002387143721
2025-09-01 15:36:01 | INFO     | govnomet        | ✅ Бросок завершен: YanaGos -> splash -> 3 целей
2025-09-01 15:36:04 | INFO     | govnomet        | 💩 Кнопка броска нажата пользователем YanaGos (ID: 113296569) в чате -1002387143721
2025-09-01 15:36:04 | INFO     | govnomet.database | 👤 Пользователь 113296569 (@YanaGos) добавлен/обновлен в БД
2025-09-01 15:36:04 | INFO     | govnomet.game   | 💩 Обработка броска: YanaGos (ID: 113296569) в чате -1002387143721
2025-09-01 15:36:04 | INFO     | govnomet.game   | ✅ Бросок обработан: direct_hit -> 1 целей
2025-09-01 15:36:04 | INFO     | govnomet.database | 💩 Событие добавлено: 113296569 -> 555666777 (direct_hit) в чате -1002387143721
2025-09-01 15:36:04 | INFO     | govnomet        | ✅ Бросок завершен: YanaGos -> direct_hit -> 1 целей
2025-09-01 15:36:08 | INFO     | govnomet        | 💩 Кнопка броска нажата пользователем YanaGos (ID: 113296569) в чате -1002387143721
2025-09-01 15:36:08 | INFO     | govnomet.database | 👤 Пользователь 113296569 (@YanaGos) добавлен/обновлен в БД
2025-09-01 15:36:08 | INFO     | govnomet.game   | 💩 Обработка броска: YanaGos (ID: 113296569) в чате -1002387143721
2025-09-01 15:36:08 | INFO     | govnomet.game   | ✅ Бросок обработан: splash -> 2 целей
2025-09-01 15:36:08 | INFO     | govnomet.database | 💩 Событие добавлено: 113296569 -> 987654321 (splash) в чате -1002387143721
2025-09-01 15:36:08 | INFO     | govnomet.database | 💩 Событие добавлено: 113296569 -> 555666777 (splash) в чате -1002387143721
2025-09-01 15:36:09 | INFO     | govnomet        | ✅ Бросок завершен: YanaGos -> splash -> 2 целей
2025-09-01 15:36:13 | INFO     | govnomet        | 💩 Кнопка броска нажата пользователем YanaGos (ID: 113296569) в чате -1002387143721
2025-09-01 15:36:13 | INFO     | govnomet.database | 👤 Пользователь 113296569 (@YanaGos) добавлен/обновлен в БД
2025-09-01 15:36:13 | INFO     | govnomet.game   | 💩 Обработка броска: YanaGos (ID: 113296569) в чате -1002387143721
2025-09-01 15:36:13 | INFO     | govnomet.game   | ✅ Бросок обработан: splash -> 2 целей
2025-09-01 15:36:13 | INFO     | govnomet.database | 💩 Событие добавлено: 113296569 -> 555666777 (splash) в чате -1002387143721
2025-09-01 15:36:13 | INFO     | govnomet.database | 💩 Событие добавлено: 113296569 -> 123456789 (splash) в чате -1002387143721
2025-09-01 15:36:14 | INFO     | govnomet        | ✅ Бросок завершен: YanaGos -> splash -> 2 целей
2025-09-01 15:36:55 | INFO     | govnomet        | 👋 ГовноМёт завершает работу
2025-09-01 15:36:55 | INFO     | govnomet        | ⏰ Время завершения: 2025-09-01 15:36:55
2025-09-01 16:34:41 | INFO     | govnomet.database | ✅ База данных инициализирована успешно
2025-09-01 16:34:41 | INFO     | govnomet.game   | 🎮 Игровая логика ГовноМёт инициализирована
2025-09-01 16:34:41 | INFO     | govnomet        | 🚀 ГовноМёт запускается...
2025-09-01 16:34:41 | INFO     | govnomet        | 📁 Директория логов: /Users/yanagosteva/Desktop/Bot/govnomet/logs
2025-09-01 16:34:41 | INFO     | govnomet        | 📏 Максимальный размер лога: 2 МБ
2025-09-01 16:34:41 | INFO     | govnomet        | 🔄 Количество файлов бэкапа: 5
2025-09-01 16:34:41 | INFO     | govnomet        | ⏰ Время запуска: 2025-09-01 16:34:41
2025-09-01 16:34:41 | INFO     | govnomet        | 🤖 Бот ГовноМёт запущен и готов к работе! (попытка 1/5)
2025-09-01 16:34:54 | INFO     | govnomet        | 💩 Кнопка броска нажата пользователем YanaGos (ID: 113296569) в чате 113296569
2025-09-01 16:34:54 | INFO     | govnomet.database | 👤 Пользователь 113296569 (@YanaGos) добавлен/обновлен в БД
2025-09-01 16:34:54 | INFO     | govnomet        | 👥 В чате 113296569 всего участников: 2
2025-09-01 16:34:54 | WARNING  | govnomet        | ⚠️ Не удалось получить участников через API: 'Bot' object has no attribute 'get_chat_members'
2025-09-01 16:34:54 | INFO     | govnomet        | 📊 Используем данные из БД: 1 участников
2025-09-01 16:34:54 | WARNING  | govnomet        | ⚠️ В чате 113296569 недостаточно участников для игры (нужно минимум 2, есть 1)
2025-09-01 16:34:54 | WARNING  | govnomet        | ⚠️ Не удалось получить участников чата 113296569
2025-09-01 16:37:09 | INFO     | govnomet        | 💩 Кнопка броска нажата пользователем YanaGos (ID: 113296569) в чате 113296569
2025-09-01 16:37:09 | INFO     | govnomet.database | 👤 Пользователь 113296569 (@YanaGos) добавлен/обновлен в БД
2025-09-01 16:37:09 | WARNING  | govnomet        | ⚠️ В чате 113296569 недостаточно участников для игры (нужно минимум 2, есть 1)
2025-09-01 16:37:09 | WARNING  | govnomet        | ⚠️ Не удалось получить участников чата 113296569
2025-09-01 16:37:37 | INFO     | govnomet        | 💩 Кнопка броска нажата пользователем YanaGos (ID: 113296569) в чате -1002387143721
2025-09-01 16:37:37 | INFO     | govnomet.database | 👤 Пользователь 113296569 (@YanaGos) добавлен/обновлен в БД
2025-09-01 16:37:38 | INFO     | govnomet        | 👥 В чате -1002387143721 всего участников: 5
2025-09-01 16:37:38 | WARNING  | govnomet        | ⚠️ Не удалось получить участников через API: 'Bot' object has no attribute 'get_chat_members'
2025-09-01 16:37:38 | INFO     | govnomet        | 📊 Используем данные из БД: 1 участников
2025-09-01 16:37:38 | WARNING  | govnomet        | ⚠️ В чате -1002387143721 недостаточно участников для игры (нужно минимум 2, есть 1)
2025-09-01 16:37:38 | WARNING  | govnomet        | ⚠️ Не удалось получить участников чата -1002387143721
2025-09-01 16:37:49 | INFO     | govnomet        | 🔄 Команда /refresh от пользователя YanaGos (ID: 113296569) в чате -1002387143721
2025-09-01 16:37:49 | INFO     | govnomet        | 🗑️ Кэш участников чата -1002387143721 очищен (ключ: -1002387143721_20250901_163)
2025-09-01 16:37:49 | INFO     | govnomet        | 👥 В чате -1002387143721 всего участников: 5
2025-09-01 16:37:49 | WARNING  | govnomet        | ⚠️ Не удалось получить участников через API: 'Bot' object has no attribute 'get_chat_members'
2025-09-01 16:37:49 | INFO     | govnomet        | 📊 Используем данные из БД: 1 участников
2025-09-01 16:37:49 | WARNING  | govnomet        | ⚠️ В чате -1002387143721 недостаточно участников для игры (нужно минимум 2, есть 1)
2025-09-01 16:37:49 | WARNING  | govnomet        | ⚠️ Не удалось обновить список участников чата -1002387143721
2025-09-01 16:38:41 | INFO     | govnomet        | 💩 Кнопка броска нажата пользователем va_feel (ID: 1187121219) в чате -1002387143721
2025-09-01 16:38:41 | INFO     | govnomet.database | 👤 Пользователь 1187121219 (@va_feel) добавлен/обновлен в БД
2025-09-01 16:38:41 | WARNING  | govnomet        | ⚠️ В чате -1002387143721 недостаточно участников для игры (нужно минимум 2, есть 1)
2025-09-01 16:38:41 | WARNING  | govnomet        | ⚠️ Не удалось получить участников чата -1002387143721
2025-09-01 16:38:45 | INFO     | govnomet        | 💩 Кнопка броска нажата пользователем va_feel (ID: 1187121219) в чате -1002387143721
2025-09-01 16:38:45 | INFO     | govnomet.database | 👤 Пользователь 1187121219 (@va_feel) добавлен/обновлен в БД
2025-09-01 16:38:45 | WARNING  | govnomet        | ⚠️ В чате -1002387143721 недостаточно участников для игры (нужно минимум 2, есть 1)
2025-09-01 16:38:45 | WARNING  | govnomet        | ⚠️ Не удалось получить участников чата -1002387143721
2025-09-01 16:38:55 | INFO     | govnomet        | 🚀 Команда /start от пользователя va_feel (ID: 1187121219) в чате -1002387143721
2025-09-01 16:38:55 | INFO     | govnomet        | ✅ Приветственное сообщение отправлено пользователю va_feel
2025-09-01 16:38:57 | INFO     | govnomet        | 💩 Кнопка броска нажата пользователем va_feel (ID: 1187121219) в чате -1002387143721
2025-09-01 16:38:57 | INFO     | govnomet.database | 👤 Пользователь 1187121219 (@va_feel) добавлен/обновлен в БД
2025-09-01 16:38:57 | WARNING  | govnomet        | ⚠️ В чате -1002387143721 недостаточно участников для игры (нужно минимум 2, есть 1)
2025-09-01 16:38:57 | WARNING  | govnomet        | ⚠️ Не удалось получить участников чата -1002387143721
2025-09-01 16:39:45 | INFO     | govnomet        | 🚀 Команда /start от пользователя YanaGos (ID: 113296569) в чате -1002387143721
2025-09-01 16:39:46 | INFO     | govnomet        | ✅ Приветственное сообщение отправлено пользователю YanaGos
2025-09-01 16:39:47 | INFO     | govnomet        | 💩 Кнопка броска нажата пользователем YanaGos (ID: 113296569) в чате -1002387143721
2025-09-01 16:39:47 | INFO     | govnomet.database | 👤 Пользователь 113296569 (@YanaGos) добавлен/обновлен в БД
2025-09-01 16:39:47 | WARNING  | govnomet        | ⚠️ В чате -1002387143721 недостаточно участников для игры (нужно минимум 2, есть 1)
2025-09-01 16:39:47 | WARNING  | govnomet        | ⚠️ Не удалось получить участников чата -1002387143721
2025-09-01 16:41:30 | INFO     | govnomet        | ❓ Команда /help от пользователя YanaGos (ID: 113296569) в чате -1002387143721
2025-09-01 16:41:30 | INFO     | govnomet        | ✅ Справка отправлена пользователю YanaGos
2025-09-01 16:41:47 | INFO     | govnomet        | 🏆 Команда /ratings от пользователя YanaGos (ID: 113296569) в чате -1002387143721
2025-09-01 16:41:47 | INFO     | govnomet.database | 🏆 Рейтинги для чата -1002387143721 за 7 дней получены
2025-09-01 16:41:47 | INFO     | govnomet        | ✅ Рейтинги отправлены пользователю YanaGos
2025-09-01 16:41:54 | INFO     | govnomet        | 👥 Команда /participants от пользователя YanaGos (ID: 113296569) в чате -1002387143721
2025-09-01 16:41:54 | INFO     | govnomet        | 👥 В чате -1002387143721 всего участников: 5
2025-09-01 16:41:54 | WARNING  | govnomet        | ⚠️ Не удалось получить участников через API: 'Bot' object has no attribute 'get_chat_members'
2025-09-01 16:41:54 | INFO     | govnomet        | 📊 Используем данные из БД: 1 участников
2025-09-01 16:41:54 | WARNING  | govnomet        | ⚠️ В чате -1002387143721 недостаточно участников для игры (нужно минимум 2, есть 1)
2025-09-01 16:42:23 | INFO     | govnomet        | 👋 ГовноМёт завершает работу
2025-09-01 16:42:23 | INFO     | govnomet        | ⏰ Время завершения: 2025-09-01 16:42:23
2025-09-01 16:42:26 | INFO     | govnomet.database | ✅ База данных инициализирована успешно
2025-09-01 16:42:26 | INFO     | govnomet.game   | 🎮 Игровая логика ГовноМёт инициализирована
2025-09-01 16:42:26 | INFO     | govnomet        | 🚀 ГовноМёт запускается...
2025-09-01 16:42:26 | INFO     | govnomet        | 📁 Директория логов: /Users/yanagosteva/Desktop/Bot/govnomet/logs
2025-09-01 16:42:26 | INFO     | govnomet        | 📏 Максимальный размер лога: 2 МБ
2025-09-01 16:42:26 | INFO     | govnomet        | 🔄 Количество файлов бэкапа: 5
2025-09-01 16:42:26 | INFO     | govnomet        | ⏰ Время запуска: 2025-09-01 16:42:26
2025-09-01 16:42:26 | INFO     | govnomet        | 🤖 Бот ГовноМёт запущен и готов к работе! (попытка 1/5)
2025-09-01 16:42:30 | INFO     | govnomet        | 👥 Команда /participants от пользователя YanaGos (ID: 113296569) в чате -1002387143721
2025-09-01 16:42:30 | INFO     | govnomet        | 👥 В чате -1002387143721 всего участников: 5
2025-09-01 16:42:30 | WARNING  | govnomet        | ⚠️ Не удалось получить участников через API: 'Bot' object has no attribute 'get_chat_members'
2025-09-01 16:42:30 | INFO     | govnomet        | 📊 Используем данные из БД: 1 участников
2025-09-01 16:42:30 | INFO     | govnomet        | 👥 Используем 1 участников чата -1002387143721
2025-09-01 16:42:30 | INFO     | govnomet        | ✅ Список участников отправлен пользователю YanaGos
2025-09-01 16:42:34 | INFO     | govnomet        | 💩 Кнопка броска нажата пользователем YanaGos (ID: 113296569) в чате -1002387143721
2025-09-01 16:42:34 | INFO     | govnomet.database | 👤 Пользователь 113296569 (@YanaGos) добавлен/обновлен в БД
2025-09-01 16:42:34 | INFO     | govnomet        | 👥 Используем 1 участников чата -1002387143721
2025-09-01 16:42:34 | INFO     | govnomet.game   | 💩 Обработка броска: YanaGos (ID: 113296569) в чате -1002387143721
2025-09-01 16:42:34 | INFO     | govnomet.game   | 🎯 Инициатор 113296569 - единственный участник, становится целью
2025-09-01 16:42:34 | INFO     | govnomet.game   | ✅ Бросок обработан: direct_hit -> 1 целей
2025-09-01 16:42:34 | INFO     | govnomet.database | 💩 Событие добавлено: 113296569 -> 113296569 (direct_hit) в чате -1002387143721
2025-09-01 16:42:34 | INFO     | govnomet        | ✅ Бросок завершен: YanaGos -> direct_hit -> 1 целей
2025-09-01 16:42:41 | INFO     | govnomet        | 💩 Кнопка броска нажата пользователем va_feel (ID: 1187121219) в чате -1002387143721
2025-09-01 16:42:41 | INFO     | govnomet.database | 👤 Пользователь 1187121219 (@va_feel) добавлен/обновлен в БД
2025-09-01 16:42:41 | INFO     | govnomet        | 👥 Используем 1 участников чата -1002387143721
2025-09-01 16:42:41 | INFO     | govnomet.game   | 💩 Обработка броска: va_feel (ID: 1187121219) в чате -1002387143721
2025-09-01 16:42:41 | INFO     | govnomet.game   | ✅ Бросок обработан: legendary -> 1 целей
2025-09-01 16:42:41 | INFO     | govnomet.database | 💩 Событие добавлено: 1187121219 -> 113296569 (legendary) в чате -1002387143721
2025-09-01 16:42:41 | INFO     | govnomet        | ✅ Бросок завершен: va_feel -> legendary -> 1 целей
2025-09-01 16:43:53 | INFO     | govnomet        | 📊 Команда /stats от пользователя va_feel (ID: 1187121219) в чате -1002387143721
2025-09-01 16:43:54 | INFO     | govnomet        | ✅ Статистика отправлена пользователю va_feel
2025-09-01 16:45:20 | INFO     | govnomet        | 💩 Кнопка броска нажата пользователем reppo_s (ID: 392905464) в чате -1002387143721
2025-09-01 16:45:20 | INFO     | govnomet.database | 👤 Пользователь 392905464 (@reppo_s) добавлен/обновлен в БД
2025-09-01 16:45:20 | INFO     | govnomet        | 👥 Используем 1 участников чата -1002387143721
2025-09-01 16:45:20 | INFO     | govnomet.game   | 💩 Обработка броска: reppo_s (ID: 392905464) в чате -1002387143721
2025-09-01 16:45:20 | INFO     | govnomet.game   | ✅ Бросок обработан: special -> 1 целей
2025-09-01 16:45:20 | INFO     | govnomet.database | 💩 Событие добавлено: 392905464 -> 113296569 (special) в чате -1002387143721
2025-09-01 16:45:21 | INFO     | govnomet        | ✅ Бросок завершен: reppo_s -> special -> 1 целей
2025-09-01 16:45:23 | INFO     | govnomet        | 💩 Кнопка броска нажата пользователем reppo_s (ID: 392905464) в чате -1002387143721
2025-09-01 16:45:23 | INFO     | govnomet.database | 👤 Пользователь 392905464 (@reppo_s) добавлен/обновлен в БД
2025-09-01 16:45:23 | INFO     | govnomet        | 👥 Используем 1 участников чата -1002387143721
2025-09-01 16:45:24 | INFO     | govnomet.game   | 💩 Обработка броска: reppo_s (ID: 392905464) в чате -1002387143721
2025-09-01 16:45:24 | INFO     | govnomet.game   | ✅ Бросок обработан: direct_hit -> 1 целей
2025-09-01 16:45:24 | INFO     | govnomet.database | 💩 Событие добавлено: 392905464 -> 113296569 (direct_hit) в чате -1002387143721
2025-09-01 16:45:24 | INFO     | govnomet        | ✅ Бросок завершен: reppo_s -> direct_hit -> 1 целей
2025-09-01 16:45:25 | INFO     | govnomet        | 💩 Кнопка броска нажата пользователем reppo_s (ID: 392905464) в чате -1002387143721
2025-09-01 16:45:25 | INFO     | govnomet.database | 👤 Пользователь 392905464 (@reppo_s) добавлен/обновлен в БД
2025-09-01 16:45:25 | INFO     | govnomet        | 👥 Используем 1 участников чата -1002387143721
2025-09-01 16:45:25 | INFO     | govnomet.game   | 💩 Обработка броска: reppo_s (ID: 392905464) в чате -1002387143721
2025-09-01 16:45:25 | INFO     | govnomet.game   | ✅ Бросок обработан: splash -> 1 целей
2025-09-01 16:45:25 | INFO     | govnomet.database | 💩 Событие добавлено: 392905464 -> 113296569 (splash) в чате -1002387143721
2025-09-01 16:45:25 | INFO     | govnomet        | ✅ Бросок завершен: reppo_s -> splash -> 1 целей
2025-09-01 16:45:26 | INFO     | govnomet        | 💩 Кнопка броска нажата пользователем reppo_s (ID: 392905464) в чате -1002387143721
2025-09-01 16:45:26 | INFO     | govnomet.database | 👤 Пользователь 392905464 (@reppo_s) добавлен/обновлен в БД
2025-09-01 16:45:26 | INFO     | govnomet        | 👥 Используем 1 участников чата -1002387143721
2025-09-01 16:45:26 | INFO     | govnomet.game   | 💩 Обработка броска: reppo_s (ID: 392905464) в чате -1002387143721
2025-09-01 16:45:26 | INFO     | govnomet.game   | ✅ Бросок обработан: direct_hit -> 1 целей
2025-09-01 16:45:26 | INFO     | govnomet.database | 💩 Событие добавлено: 392905464 -> 113296569 (direct_hit) в чате -1002387143721
2025-09-01 16:45:27 | INFO     | govnomet        | ✅ Бросок завершен: reppo_s -> direct_hit -> 1 целей
2025-09-01 16:45:27 | INFO     | govnomet        | 💩 Кнопка броска нажата пользователем reppo_s (ID: 392905464) в чате -1002387143721
2025-09-01 16:45:27 | INFO     | govnomet.database | 👤 Пользователь 392905464 (@reppo_s) добавлен/обновлен в БД
2025-09-01 16:45:27 | INFO     | govnomet        | 👥 Используем 1 участников чата -1002387143721
2025-09-01 16:45:27 | INFO     | govnomet.game   | 💩 Обработка броска: reppo_s (ID: 392905464) в чате -1002387143721
2025-09-01 16:45:27 | INFO     | govnomet.game   | ✅ Бросок обработан: splash -> 1 целей
2025-09-01 16:45:28 | INFO     | govnomet.database | 💩 Событие добавлено: 392905464 -> 113296569 (splash) в чате -1002387143721
2025-09-01 16:45:28 | INFO     | govnomet        | ✅ Бросок завершен: reppo_s -> splash -> 1 целей
2025-09-01 16:45:28 | INFO     | govnomet        | 💩 Кнопка броска нажата пользователем reppo_s (ID: 392905464) в чате -1002387143721
2025-09-01 16:45:28 | INFO     | govnomet.database | 👤 Пользователь 392905464 (@reppo_s) добавлен/обновлен в БД
2025-09-01 16:45:28 | INFO     | govnomet        | 👥 Используем 1 участников чата -1002387143721
2025-09-01 16:45:28 | INFO     | govnomet.game   | 💩 Обработка броска: reppo_s (ID: 392905464) в чате -1002387143721
2025-09-01 16:45:28 | INFO     | govnomet.game   | ✅ Бросок обработан: legendary -> 1 целей
2025-09-01 16:45:28 | INFO     | govnomet.database | 💩 Событие добавлено: 392905464 -> 113296569 (legendary) в чате -1002387143721
2025-09-01 16:45:29 | INFO     | govnomet        | ✅ Бросок завершен: reppo_s -> legendary -> 1 целей
2025-09-01 16:45:29 | INFO     | govnomet        | 💩 Кнопка броска нажата пользователем reppo_s (ID: 392905464) в чате -1002387143721
2025-09-01 16:45:29 | INFO     | govnomet.database | 👤 Пользователь 392905464 (@reppo_s) добавлен/обновлен в БД
2025-09-01 16:45:29 | INFO     | govnomet        | 👥 Используем 1 участников чата -1002387143721
2025-09-01 16:45:29 | INFO     | govnomet.game   | 💩 Обработка броска: reppo_s (ID: 392905464) в чате -1002387143721
2025-09-01 16:45:29 | INFO     | govnomet.game   | ✅ Бросок обработан: direct_hit -> 1 целей
2025-09-01 16:45:29 | INFO     | govnomet.database | 💩 Событие добавлено: 392905464 -> 113296569 (direct_hit) в чате -1002387143721
2025-09-01 16:45:30 | INFO     | govnomet        | ✅ Бросок завершен: reppo_s -> direct_hit -> 1 целей
2025-09-01 16:45:31 | INFO     | govnomet        | 💩 Кнопка броска нажата пользователем reppo_s (ID: 392905464) в чате -1002387143721
2025-09-01 16:45:31 | INFO     | govnomet.database | 👤 Пользователь 392905464 (@reppo_s) добавлен/обновлен в БД
2025-09-01 16:45:31 | INFO     | govnomet        | 👥 Используем 1 участников чата -1002387143721
2025-09-01 16:45:31 | INFO     | govnomet.game   | 💩 Обработка броска: reppo_s (ID: 392905464) в чате -1002387143721
2025-09-01 16:45:31 | INFO     | govnomet.game   | ✅ Бросок обработан: combo -> 1 целей
2025-09-01 16:45:31 | INFO     | govnomet.database | 💩 Событие добавлено: 392905464 -> 113296569 (combo) в чате -1002387143721
2025-09-01 16:45:31 | INFO     | govnomet        | ✅ Бросок завершен: reppo_s -> combo -> 1 целей
2025-09-01 16:45:32 | INFO     | govnomet        | 💩 Кнопка броска нажата пользователем reppo_s (ID: 392905464) в чате -1002387143721
2025-09-01 16:45:32 | INFO     | govnomet.database | 👤 Пользователь 392905464 (@reppo_s) добавлен/обновлен в БД
2025-09-01 16:45:32 | INFO     | govnomet        | 👥 Используем 1 участников чата -1002387143721
2025-09-01 16:45:32 | INFO     | govnomet.game   | 💩 Обработка броска: reppo_s (ID: 392905464) в чате -1002387143721
2025-09-01 16:45:32 | INFO     | govnomet.game   | ✅ Бросок обработан: special -> 1 целей
2025-09-01 16:45:32 | INFO     | govnomet.database | 💩 Событие добавлено: 392905464 -> 113296569 (special) в чате -1002387143721
2025-09-01 16:45:32 | INFO     | govnomet        | ✅ Бросок завершен: reppo_s -> special -> 1 целей
2025-09-01 16:45:32 | INFO     | govnomet        | 💩 Кнопка броска нажата пользователем reppo_s (ID: 392905464) в чате -1002387143721
2025-09-01 16:45:32 | INFO     | govnomet.database | 👤 Пользователь 392905464 (@reppo_s) добавлен/обновлен в БД
2025-09-01 16:45:32 | INFO     | govnomet        | 👥 Используем 1 участников чата -1002387143721
2025-09-01 16:45:32 | INFO     | govnomet.game   | 💩 Обработка броска: reppo_s (ID: 392905464) в чате -1002387143721
2025-09-01 16:45:32 | WARNING  | govnomet.game   | ⚠️ Инициатор 392905464 не найден в списке участников
2025-09-01 16:45:32 | INFO     | govnomet.game   | ✅ Бросок обработан: miss -> 1 целей
2025-09-01 16:45:32 | INFO     | govnomet.database | 💩 Событие добавлено: 392905464 -> 113296569 (miss) в чате -1002387143721
2025-09-01 16:45:33 | INFO     | govnomet        | ✅ Бросок завершен: reppo_s -> miss -> 1 целей
2025-09-01 16:45:33 | INFO     | govnomet        | 💩 Кнопка броска нажата пользователем reppo_s (ID: 392905464) в чате -1002387143721
2025-09-01 16:45:33 | INFO     | govnomet.database | 👤 Пользователь 392905464 (@reppo_s) добавлен/обновлен в БД
2025-09-01 16:45:33 | INFO     | govnomet        | 👥 Используем 1 участников чата -1002387143721
2025-09-01 16:45:33 | INFO     | govnomet.game   | 💩 Обработка броска: reppo_s (ID: 392905464) в чате -1002387143721
2025-09-01 16:45:33 | INFO     | govnomet.game   | ✅ Бросок обработан: splash -> 1 целей
2025-09-01 16:45:33 | INFO     | govnomet.database | 💩 Событие добавлено: 392905464 -> 113296569 (splash) в чате -1002387143721
2025-09-01 16:45:34 | INFO     | govnomet        | ✅ Бросок завершен: reppo_s -> splash -> 1 целей
2025-09-01 16:45:34 | INFO     | govnomet        | 💩 Кнопка броска нажата пользователем reppo_s (ID: 392905464) в чате -1002387143721
2025-09-01 16:45:34 | INFO     | govnomet.database | 👤 Пользователь 392905464 (@reppo_s) добавлен/обновлен в БД
2025-09-01 16:45:34 | INFO     | govnomet        | 👥 Используем 1 участников чата -1002387143721
2025-09-01 16:45:34 | INFO     | govnomet.game   | 💩 Обработка броска: reppo_s (ID: 392905464) в чате -1002387143721
2025-09-01 16:45:34 | INFO     | govnomet.game   | ✅ Бросок обработан: special -> 1 целей
2025-09-01 16:45:34 | INFO     | govnomet.database | 💩 Событие добавлено: 392905464 -> 113296569 (special) в чате -1002387143721
2025-09-01 16:45:35 | INFO     | govnomet        | ✅ Бросок завершен: reppo_s -> special -> 1 целей
2025-09-01 16:45:38 | INFO     | govnomet        | 💩 Кнопка броска нажата пользователем reppo_s (ID: 392905464) в чате -1002387143721
2025-09-01 16:45:38 | INFO     | govnomet.database | 👤 Пользователь 392905464 (@reppo_s) добавлен/обновлен в БД
2025-09-01 16:45:38 | INFO     | govnomet        | 👥 Используем 1 участников чата -1002387143721
2025-09-01 16:45:38 | INFO     | govnomet.game   | 💩 Обработка броска: reppo_s (ID: 392905464) в чате -1002387143721
2025-09-01 16:45:38 | WARNING  | govnomet.game   | ⚠️ Инициатор 392905464 не найден в списке участников
2025-09-01 16:45:38 | INFO     | govnomet.game   | ✅ Бросок обработан: miss -> 1 целей
2025-09-01 16:45:38 | INFO     | govnomet.database | 💩 Событие добавлено: 392905464 -> 113296569 (miss) в чате -1002387143721
2025-09-01 16:45:39 | INFO     | govnomet        | ✅ Бросок завершен: reppo_s -> miss -> 1 целей
2025-09-01 16:45:48 | INFO     | govnomet        | 💩 Кнопка броска нажата пользователем reppo_s (ID: 392905464) в чате -1002387143721
2025-09-01 16:45:48 | INFO     | govnomet.database | 👤 Пользователь 392905464 (@reppo_s) добавлен/обновлен в БД
2025-09-01 16:45:48 | INFO     | govnomet        | 👥 Используем 1 участников чата -1002387143721
2025-09-01 16:45:48 | INFO     | govnomet.game   | 💩 Обработка броска: reppo_s (ID: 392905464) в чате -1002387143721
2025-09-01 16:45:48 | INFO     | govnomet.game   | ✅ Бросок обработан: splash -> 1 целей
2025-09-01 16:45:48 | INFO     | govnomet.database | 💩 Событие добавлено: 392905464 -> 113296569 (splash) в чате -1002387143721
2025-09-01 16:45:48 | INFO     | govnomet        | ✅ Бросок завершен: reppo_s -> splash -> 1 целей
2025-09-01 16:45:49 | INFO     | govnomet        | 💩 Кнопка броска нажата пользователем reppo_s (ID: 392905464) в чате -1002387143721
2025-09-01 16:45:49 | INFO     | govnomet.database | 👤 Пользователь 392905464 (@reppo_s) добавлен/обновлен в БД
2025-09-01 16:45:49 | INFO     | govnomet        | 👥 Используем 1 участников чата -1002387143721
2025-09-01 16:45:49 | INFO     | govnomet.game   | 💩 Обработка броска: reppo_s (ID: 392905464) в чате -1002387143721
2025-09-01 16:45:49 | INFO     | govnomet.game   | ✅ Бросок обработан: splash -> 1 целей
2025-09-01 16:45:49 | INFO     | govnomet.database | 💩 Событие добавлено: 392905464 -> 113296569 (splash) в чате -1002387143721
2025-09-01 16:45:49 | INFO     | govnomet        | ✅ Бросок завершен: reppo_s -> splash -> 1 целей
2025-09-01 16:45:50 | INFO     | govnomet        | 💩 Кнопка броска нажата пользователем reppo_s (ID: 392905464) в чате -1002387143721
2025-09-01 16:45:50 | INFO     | govnomet.database | 👤 Пользователь 392905464 (@reppo_s) добавлен/обновлен в БД
2025-09-01 16:45:50 | INFO     | govnomet        | 👥 Используем 1 участников чата -1002387143721
2025-09-01 16:45:50 | INFO     | govnomet.game   | 💩 Обработка броска: reppo_s (ID: 392905464) в чате -1002387143721
2025-09-01 16:45:50 | INFO     | govnomet.game   | ✅ Бросок обработан: splash -> 1 целей
2025-09-01 16:45:50 | INFO     | govnomet.database | 💩 Событие добавлено: 392905464 -> 113296569 (splash) в чате -1002387143721
2025-09-01 16:45:50 | INFO     | govnomet        | ✅ Бросок завершен: reppo_s -> splash -> 1 целей
2025-09-01 16:45:51 | INFO     | govnomet        | 💩 Кнопка броска нажата пользователем reppo_s (ID: 392905464) в чате -1002387143721
2025-09-01 16:45:51 | INFO     | govnomet.database | 👤 Пользователь 392905464 (@reppo_s) добавлен/обновлен в БД
2025-09-01 16:45:51 | INFO     | govnomet        | 👥 Используем 1 участников чата -1002387143721
2025-09-01 16:45:51 | INFO     | govnomet.game   | 💩 Обработка броска: reppo_s (ID: 392905464) в чате -1002387143721
2025-09-01 16:45:51 | INFO     | govnomet.game   | ✅ Бросок обработан: splash -> 1 целей
2025-09-01 16:45:51 | INFO     | govnomet.database | 💩 Событие добавлено: 392905464 -> 113296569 (splash) в чате -1002387143721
2025-09-01 16:45:51 | INFO     | govnomet        | ✅ Бросок завершен: reppo_s -> splash -> 1 целей
2025-09-01 16:45:52 | INFO     | govnomet        | 💩 Кнопка броска нажата пользователем reppo_s (ID: 392905464) в чате -1002387143721
2025-09-01 16:45:52 | INFO     | govnomet.database | 👤 Пользователь 392905464 (@reppo_s) добавлен/обновлен в БД
2025-09-01 16:45:52 | INFO     | govnomet        | 👥 Используем 1 участников чата -1002387143721
2025-09-01 16:45:52 | INFO     | govnomet.game   | 💩 Обработка броска: reppo_s (ID: 392905464) в чате -1002387143721
2025-09-01 16:45:52 | INFO     | govnomet.game   | ✅ Бросок обработан: special -> 1 целей
2025-09-01 16:45:52 | INFO     | govnomet.database | 💩 Событие добавлено: 392905464 -> 113296569 (special) в чате -1002387143721
2025-09-01 16:45:52 | INFO     | govnomet        | ✅ Бросок завершен: reppo_s -> special -> 1 целей
2025-09-01 16:47:45 | INFO     | govnomet        | 💩 Кнопка броска нажата пользователем va_feel (ID: 1187121219) в чате -1002387143721
2025-09-01 16:47:45 | INFO     | govnomet.database | 👤 Пользователь 1187121219 (@va_feel) добавлен/обновлен в БД
2025-09-01 16:47:45 | INFO     | govnomet        | 👥 Используем 1 участников чата -1002387143721
2025-09-01 16:47:45 | INFO     | govnomet.game   | 💩 Обработка броска: va_feel (ID: 1187121219) в чате -1002387143721
2025-09-01 16:47:45 | INFO     | govnomet.game   | ✅ Бросок обработан: direct_hit -> 1 целей
2025-09-01 16:47:45 | INFO     | govnomet.database | 💩 Событие добавлено: 1187121219 -> 113296569 (direct_hit) в чате -1002387143721
2025-09-01 16:47:46 | INFO     | govnomet        | ✅ Бросок завершен: va_feel -> direct_hit -> 1 целей
2025-09-01 16:48:22 | INFO     | govnomet        | 📊 Команда /stats от пользователя va_feel (ID: 1187121219) в чате -1002387143721
2025-09-01 16:48:23 | INFO     | govnomet        | ✅ Статистика отправлена пользователю va_feel
2025-09-01 17:10:46 | INFO     | govnomet        | 👋 ГовноМёт завершает работу
2025-09-01 17:10:46 | INFO     | govnomet        | ⏰ Время завершения: 2025-09-01 17:10:46
2025-09-01 17:46:38 | INFO     | govnomet.database | ✅ База данных инициализирована успешно
2025-09-01 17:46:38 | INFO     | govnomet.game   | 🎮 Игровая логика ГовноМёт инициализирована
2025-09-01 17:46:38 | INFO     | govnomet        | 🚀 ГовноМёт запускается...
2025-09-01 17:46:38 | INFO     | govnomet        | 📁 Директория логов: /Users/yanagosteva/Desktop/Bot/govnomet/logs
2025-09-01 17:46:38 | INFO     | govnomet        | 📏 Максимальный размер лога: 2 МБ
2025-09-01 17:46:38 | INFO     | govnomet        | 🔄 Количество файлов бэкапа: 5
2025-09-01 17:46:38 | INFO     | govnomet        | ⏰ Время запуска: 2025-09-01 17:46:38
2025-09-01 17:46:38 | INFO     | govnomet        | 🤖 Бот ГовноМёт запущен и готов к работе! (попытка 1/5)
2025-09-01 17:46:59 | INFO     | govnomet        | 💩 Кнопка броска нажата пользователем YanaGos (ID: 113296569) в чате -1002387143721
2025-09-01 17:46:59 | INFO     | govnomet.database | 👤 Пользователь 113296569 (@YanaGos) добавлен/обновлен в БД
2025-09-01 17:46:59 | INFO     | govnomet        | 👥 В чате -1002387143721 всего участников: 5
2025-09-01 17:46:59 | WARNING  | govnomet        | ⚠️ Не удалось получить участников через API: 'Bot' object has no attribute 'get_chat_members'
2025-09-01 17:46:59 | INFO     | govnomet        | 📊 Используем данные из БД: 3 участников
2025-09-01 17:46:59 | INFO     | govnomet        | 👥 Используем 3 участников чата -1002387143721
2025-09-01 17:46:59 | INFO     | govnomet.game   | 💩 Обработка броска: YanaGos (ID: 113296569) в чате -1002387143721
2025-09-01 17:46:59 | INFO     | govnomet.game   | ✅ Бросок обработан: legendary -> 2 целей
2025-09-01 17:46:59 | INFO     | govnomet.database | 💩 Событие добавлено: 113296569 -> 1187121219 (legendary) в чате -1002387143721
2025-09-01 17:46:59 | INFO     | govnomet.database | 💩 Событие добавлено: 113296569 -> 392905464 (legendary) в чате -1002387143721
2025-09-01 17:46:59 | INFO     | govnomet        | ✅ Бросок завершен: YanaGos -> legendary -> 2 целей
2025-09-01 17:47:01 | INFO     | govnomet        | 💩 Кнопка броска нажата пользователем YanaGos (ID: 113296569) в чате -1002387143721
2025-09-01 17:47:01 | INFO     | govnomet.database | 👤 Пользователь 113296569 (@YanaGos) добавлен/обновлен в БД
2025-09-01 17:47:01 | INFO     | govnomet        | 👥 Используем 3 участников чата -1002387143721
2025-09-01 17:47:01 | INFO     | govnomet.game   | 💩 Обработка броска: YanaGos (ID: 113296569) в чате -1002387143721
2025-09-01 17:47:01 | INFO     | govnomet.game   | ✅ Бросок обработан: splash -> 2 целей
2025-09-01 17:47:01 | INFO     | govnomet.database | 💩 Событие добавлено: 113296569 -> 1187121219 (splash) в чате -1002387143721
2025-09-01 17:47:01 | INFO     | govnomet.database | 💩 Событие добавлено: 113296569 -> 392905464 (splash) в чате -1002387143721
2025-09-01 17:47:02 | INFO     | govnomet        | ✅ Бросок завершен: YanaGos -> splash -> 2 целей
2025-09-01 17:47:20 | INFO     | govnomet        | 💩 Команда /throw от пользователя YanaGos (ID: 113296569) в чате -1002387143721
2025-09-01 17:47:46 | INFO     | govnomet        | 💩 Команда /throw от пользователя YanaGos (ID: 113296569) в чате -1002387143721
2025-09-01 17:47:46 | INFO     | govnomet        | 🎯 Цель команды /throw: @va_feel
2025-09-01 17:47:46 | INFO     | govnomet.database | 👤 Пользователь 113296569 (@YanaGos) добавлен/обновлен в БД
2025-09-01 17:47:46 | INFO     | govnomet        | 👥 Используем 3 участников чата -1002387143721
2025-09-01 17:47:46 | INFO     | govnomet.game   | 💩 Целевой бросок: YanaGos (ID: 113296569) -> va_feel (ID: 1187121219) в чате -1002387143721
2025-09-01 17:47:46 | INFO     | govnomet.game   | ✅ Целевой бросок обработан: direct_hit -> va_feel
2025-09-01 17:47:46 | INFO     | govnomet.database | 💩 Событие добавлено: 113296569 -> 1187121219 (direct_hit) в чате -1002387143721
2025-09-01 17:47:47 | INFO     | govnomet        | ✅ Целевой бросок завершен: YanaGos -> va_feel -> direct_hit
2025-09-01 17:48:38 | INFO     | govnomet        | 💩 Кнопка броска нажата пользователем YanaGos (ID: 113296569) в чате -1002387143721
2025-09-01 17:48:38 | INFO     | govnomet.database | 👤 Пользователь 113296569 (@YanaGos) добавлен/обновлен в БД
2025-09-01 17:48:38 | INFO     | govnomet        | 👥 Используем 3 участников чата -1002387143721
2025-09-01 17:48:38 | INFO     | govnomet.game   | 💩 Обработка броска: YanaGos (ID: 113296569) в чате -1002387143721
2025-09-01 17:48:38 | INFO     | govnomet.game   | ✅ Бросок обработан: direct_hit -> 1 целей
2025-09-01 17:48:38 | INFO     | govnomet.database | 💩 Событие добавлено: 113296569 -> 1187121219 (direct_hit) в чате -1002387143721
2025-09-01 17:48:39 | INFO     | govnomet        | ✅ Бросок завершен: YanaGos -> direct_hit -> 1 целей
2025-09-01 17:50:05 | INFO     | govnomet        | 💩 Кнопка броска нажата пользователем reppo_s (ID: 392905464) в чате -1002387143721
2025-09-01 17:50:05 | INFO     | govnomet.database | 👤 Пользователь 392905464 (@reppo_s) добавлен/обновлен в БД
2025-09-01 17:50:05 | INFO     | govnomet        | 👥 В чате -1002387143721 всего участников: 5
2025-09-01 17:50:05 | WARNING  | govnomet        | ⚠️ Не удалось получить участников через API: 'Bot' object has no attribute 'get_chat_members'
2025-09-01 17:50:05 | INFO     | govnomet        | 📊 Используем данные из БД: 3 участников
2025-09-01 17:50:05 | INFO     | govnomet        | 👥 Используем 3 участников чата -1002387143721
2025-09-01 17:50:05 | INFO     | govnomet.game   | 💩 Обработка броска: reppo_s (ID: 392905464) в чате -1002387143721
2025-09-01 17:50:05 | INFO     | govnomet.game   | ✅ Бросок обработан: direct_hit -> 1 целей
2025-09-01 17:50:05 | INFO     | govnomet.database | 💩 Событие добавлено: 392905464 -> 1187121219 (direct_hit) в чате -1002387143721
2025-09-01 17:50:05 | INFO     | govnomet        | ✅ Бросок завершен: reppo_s -> direct_hit -> 1 целей
2025-09-01 17:50:09 | INFO     | govnomet        | 💩 Кнопка броска нажата пользователем reppo_s (ID: 392905464) в чате -1002387143721
2025-09-01 17:50:09 | INFO     | govnomet.database | 👤 Пользователь 392905464 (@reppo_s) добавлен/обновлен в БД
2025-09-01 17:50:09 | INFO     | govnomet        | 👥 Используем 3 участников чата -1002387143721
2025-09-01 17:50:09 | INFO     | govnomet.game   | 💩 Обработка броска: reppo_s (ID: 392905464) в чате -1002387143721
2025-09-01 17:50:09 | INFO     | govnomet.game   | ✅ Бросок обработан: direct_hit -> 1 целей
2025-09-01 17:50:09 | INFO     | govnomet.database | 💩 Событие добавлено: 392905464 -> 1187121219 (direct_hit) в чате -1002387143721
2025-09-01 17:50:10 | INFO     | govnomet        | ✅ Бросок завершен: reppo_s -> direct_hit -> 1 целей
2025-09-01 17:50:12 | INFO     | govnomet        | 💩 Кнопка броска нажата пользователем reppo_s (ID: 392905464) в чате -1002387143721
2025-09-01 17:50:12 | INFO     | govnomet.database | 👤 Пользователь 392905464 (@reppo_s) добавлен/обновлен в БД
2025-09-01 17:50:12 | INFO     | govnomet        | 👥 Используем 3 участников чата -1002387143721
2025-09-01 17:50:12 | INFO     | govnomet.game   | 💩 Обработка броска: reppo_s (ID: 392905464) в чате -1002387143721
2025-09-01 17:50:12 | INFO     | govnomet.game   | ✅ Бросок обработан: direct_hit -> 1 целей
2025-09-01 17:50:12 | INFO     | govnomet.database | 💩 Событие добавлено: 392905464 -> 1187121219 (direct_hit) в чате -1002387143721
2025-09-01 17:50:12 | INFO     | govnomet        | ✅ Бросок завершен: reppo_s -> direct_hit -> 1 целей
2025-09-01 18:06:55 | INFO     | govnomet        | 👋 ГовноМёт завершает работу
2025-09-01 18:06:55 | INFO     | govnomet        | ⏰ Время завершения: 2025-09-01 18:06:55
2025-09-01 18:06:59 | INFO     | govnomet.database | ✅ База данных инициализирована успешно
2025-09-01 18:06:59 | INFO     | govnomet.game   | 🎮 Игровая логика ГовноМёт инициализирована
2025-09-01 18:06:59 | INFO     | govnomet        | 🚀 ГовноМёт запускается...
2025-09-01 18:06:59 | INFO     | govnomet        | 📁 Директория логов: /Users/yanagosteva/Desktop/Bot/govnomet/logs
2025-09-01 18:06:59 | INFO     | govnomet        | 📏 Максимальный размер лога: 2 МБ
2025-09-01 18:06:59 | INFO     | govnomet        | 🔄 Количество файлов бэкапа: 5
2025-09-01 18:06:59 | INFO     | govnomet        | ⏰ Время запуска: 2025-09-01 18:06:59
2025-09-01 18:06:59 | INFO     | govnomet        | 🤖 Бот ГовноМёт запущен и готов к работе! (попытка 1/5)
2025-09-01 18:33:16 | INFO     | govnomet        | 🏆 Команда /ratings от пользователя YanaGos (ID: 113296569) в чате -1002387143721
2025-09-01 18:33:16 | INFO     | govnomet.database | 🏆 Рейтинги для чата -1002387143721 за 7 дней получены
2025-09-01 18:33:17 | INFO     | govnomet        | ✅ Рейтинги отправлены пользователю YanaGos
2025-09-01 18:33:32 | INFO     | govnomet        | 💩 Кнопка броска нажата пользователем YanaGos (ID: 113296569) в чате -1002387143721
2025-09-01 18:33:32 | INFO     | govnomet.database | 👤 Пользователь 113296569 (@YanaGos) добавлен/обновлен в БД
2025-09-01 18:33:32 | INFO     | govnomet        | 👥 В чате -1002387143721 всего участников: 5
2025-09-01 18:33:32 | WARNING  | govnomet        | ⚠️ Не удалось получить участников через API: 'Bot' object has no attribute 'get_chat_members'
2025-09-01 18:33:32 | INFO     | govnomet        | 📊 Используем данные из БД: 3 участников
2025-09-01 18:33:32 | INFO     | govnomet        | 👥 Используем 3 участников чата -1002387143721
2025-09-01 18:33:32 | INFO     | govnomet.game   | 💩 Обработка броска: YanaGos (ID: 113296569) в чате -1002387143721
2025-09-01 18:33:32 | INFO     | govnomet.game   | ✅ Бросок обработан: special -> 1 целей
2025-09-01 18:33:32 | INFO     | govnomet.database | 💩 Событие добавлено: 113296569 -> 1187121219 (special) в чате -1002387143721
2025-09-01 18:33:32 | INFO     | govnomet        | ✅ Бросок завершен: YanaGos -> special -> 1 целей
2025-09-01 18:33:48 | INFO     | govnomet        | 💩 Команда /throw от пользователя YanaGos (ID: 113296569) в чате -1002387143721
2025-09-01 21:40:52 | INFO     | govnomet        | 👋 ГовноМёт завершает работу
2025-09-01 21:40:52 | INFO     | govnomet        | ⏰ Время завершения: 2025-09-01 21:40:52
